[2026-04-28T08:43:28.428Z] WARN [kilo stderr] Error fetching Kilo models: DOMException {
  stack: "",
  code: 23,
  name: "TimeoutError",
  message: "The operation timed out.",
  INDEX_SIZE_ERR: 1,
  DOMSTRING_SIZE_ERR: 2,
  HIERARCHY_REQUEST_ERR: 3,
  WRONG_DOCUMENT_ERR: 4,
  INVALID_CHARACTER_ERR: 5,
  NO_DATA_ALLOWED_ERR: 6,
  NO_MODIFICATION_ALLOWED_ERR: 7,
  NOT_FOUND_ERR: 8,
  NOT_SUPPORTED_ERR: 9,
  INUSE_ATTRIBUTE_ERR: 10,
  INVALID_STATE_ERR: 11,
  SYNTAX_ERR: 12,
  INVALID_MODIFICATION_ERR: 13,
  NAMESPACE_ERR: 14,
  INVALID_ACCESS_ERR: 15,
  VALIDATION_ERR: 16,
  TYPE_MISMATCH_ERR: 17,
  SECURITY_ERR: 18,
  NETWORK_ERR: 19,
  ABORT_ERR: 20,
  URL_MISMATCH_ERR: 21,
  QUOTA_EXCEEDED_ERR: 22,
  TIMEOUT_ERR: 23,
  INVALID_NODE_TYPE_ERR: 24,
  DATA_CLONE_ERR: 25,
  toString: [Function: toString],
}
[2026-04-28T08:43:28.516Z] WARN [kilo stderr] ProviderModelNotFoundError: ProviderModelNotFoundError
 data: {
  providerID: "kilo",
  modelID: "stepfun/step-3.5-flash:free",
  suggestions: [],
},

      at <anonymous> (B:/~BUN/root/chunk-sgfvktmb.js:762:44690)
      at ~effect/Effect/successCont (B:/~BUN/root/chunk-zg6q5cfe.js:25:7738)
      at runLoop (B:/~BUN/root/chunk-zg6q5cfe.js:25:2045)
      at evaluate (B:/~BUN/root/chunk-zg6q5cfe.js:25:1435)
      at <anonymous> (B:/~BUN/root/chunk-zg6q5cfe.js:25:5589)
      at s7 (B:/~BUN/root/chunk-zg6q5cfe.js:25:37933)
      at <anonymous> (B:/~BUN/root/chunk-tsjdc9f9.js:4:78979)
      at ~effect/Effect/successCont (B:/~BUN/root/chunk-zg6q5cfe.js:25:17713)
      at runLoop (B:/~BUN/root/chunk-zg6q5cfe.js:25:2045)
      at evaluate (B:/~BUN/root/chunk-zg6q5cfe.js:25:1435)
      at <anonymous> (B:/~BUN/root/chunk-zg6q5cfe.js:25:5589)
      at <anonymous> (B:/~BUN/root/chunk-h0415gfa.js:18:4722)
